<?xml version="1.0" encoding="UTF-8"?>
<!-- Generated by org.testng.reporters.JUnitReportReporter -->
<testsuite hostname="DESKTOP-ADCV5S3" failures="0" tests="1" name="com.rest.TCo5PartialUpdate" time="6.139" errors="0" timestamp="2023-02-01T02:12:29 IST" skipped="0">
  <testcase classname="com.rest.TCo5PartialUpdate" name="partialUserUp" time="6.139"/>
  <system-out/>
</testsuite> <!-- com.rest.TCo5PartialUpdate -->
