<?xml version="1.0" encoding="UTF-8"?>
<!-- Generated by org.testng.reporters.JUnitReportReporter -->
<testsuite hostname="DESKTOP-ADCV5S3" failures="0" tests="1" name="com.rest.TCo2FilterUser" time="3.989" errors="0" timestamp="2023-02-01T01:46:43 IST" skipped="0">
  <testcase classname="com.rest.TCo2FilterUser" name="getspecificUser" time="3.989"/>
  <system-out/>
</testsuite> <!-- com.rest.TCo2FilterUser -->
