<?xml version="1.0" encoding="UTF-8"?>
<!-- Generated by org.testng.reporters.JUnitReportReporter -->
<testsuite hostname="DESKTOP-ADCV5S3" failures="0" tests="1" name="com.rest.TCo6Deleteuser" time="4.060" errors="0" timestamp="2023-02-01T02:21:30 IST" skipped="0">
  <testcase classname="com.rest.TCo6Deleteuser" name="DeleteUser" time="4.060"/>
  <system-out/>
</testsuite> <!-- com.rest.TCo6Deleteuser -->
