<?xml version="1.0" encoding="UTF-8"?>
<!-- Generated by org.testng.reporters.JUnitReportReporter -->
<testsuite hostname="DESKTOP-ADCV5S3" failures="0" tests="1" name="com.rest.TCo1GET" time="2.671" errors="0" timestamp="2023-02-01T02:20:52 IST" skipped="0">
  <testcase classname="com.rest.TCo1GET" name="getAllId" time="2.671"/>
  <system-out/>
</testsuite> <!-- com.rest.TCo1GET -->
